[12:59:46] [main/INFO] (FabricLoader/GameProvider) Loading Minecraft 1.20 with Fabric Loader 0.14.21
[12:59:46] [main/INFO] (FabricLoader) Loading 47 mods:
	- fabric-api 0.83.0+1.20
	- fabric-api-base 0.4.29+b04edc7a27
	- fabric-api-lookup-api-v1 1.6.34+4d8536c927
	- fabric-biome-api-v1 13.0.10+b3afc78b27
	- fabric-block-api-v1 1.0.9+e022e5d127
	- fabric-blockrenderlayer-v1 1.1.39+b3afc78b27
	- fabric-client-tags-api-v1 1.0.20+b3afc78b27
	- fabric-command-api-v2 2.2.11+b3afc78b27
	- fabric-content-registries-v0 4.0.7+b3afc78b27
	- fabric-convention-tags-v1 1.5.3+b3afc78b27
	- fabric-crash-report-info-v1 0.2.18+aeb40ebe27
	- fabric-data-generation-api-v1 12.1.10+b3afc78b27
	- fabric-dimensions-v1 2.1.51+b3afc78b27
	- fabric-entity-events-v1 1.5.21+b3afc78b27
	- fabric-events-interaction-v0 0.6.0+b3afc78b27
	- fabric-game-rule-api-v1 1.0.38+b04edc7a27
	- fabric-gametest-api-v1 1.2.10+b3afc78b27
	- fabric-item-api-v1 2.1.26+b3afc78b27
	- fabric-item-group-api-v1 4.0.7+b3afc78b27
	- fabric-key-binding-api-v1 1.0.36+fb8d95da27
	- fabric-lifecycle-events-v1 2.2.20+b3afc78b27
	- fabric-loot-api-v2 1.1.37+b3afc78b27
	- fabric-message-api-v1 5.1.6+b3afc78b27
	- fabric-mining-level-api-v1 2.1.47+b3afc78b27
	- fabric-models-v0 0.3.35+b3afc78b27
	- fabric-networking-api-v1 1.3.8+b3afc78b27
	- fabric-object-builder-api-v1 11.0.6+b3afc78b27
	- fabric-particles-v1 1.0.28+b3afc78b27
	- fabric-recipe-api-v1 1.0.18+b3afc78b27
	- fabric-registry-sync-v0 2.2.6+b3afc78b27
	- fabric-renderer-api-v1 3.0.1+b3afc78b27
	- fabric-renderer-indigo 1.3.1+b3afc78b27
	- fabric-rendering-data-attachment-v1 0.3.33+b3afc78b27
	- fabric-rendering-fluids-v1 3.0.26+b3afc78b27
	- fabric-rendering-v1 3.0.6+b3afc78b27
	- fabric-resource-conditions-api-v1 2.3.4+b3afc78b27
	- fabric-resource-loader-v0 0.11.7+f7923f6d27
	- fabric-screen-api-v1 2.0.6+b3afc78b27
	- fabric-screen-handler-api-v1 1.3.27+b3afc78b27
	- fabric-sound-api-v1 1.0.12+b3afc78b27
	- fabric-transfer-api-v1 3.2.2+b3afc78b27
	- fabric-transitive-access-wideners-v1 4.2.0+b3afc78b27
	- fabricloader 0.14.21
	- java 17
	- minecraft 1.20
	- obsidianboat 2.0.0-build.9999+mc1.20
	- trenzalore 2.2.2
[12:59:47] [main/INFO] (FabricLoader/Mixin) SpongePowered MIXIN Subsystem Version=0.8.5 Source=file:/C:/Users/unrealdinner/.gradle/caches/modules-2/files-2.1/net.fabricmc/sponge-mixin/0.12.5+mixin.0.8.5/8d31fb97c3e0cd7c8dad3441851c523bcfae6d8e/sponge-mixin-0.12.5+mixin.0.8.5.jar Service=Knot/Fabric Env=CLIENT
[12:59:47] [main/INFO] (FabricLoader/Mixin) Loaded Fabric development mappings for mixin remapper!
[12:59:47] [main/INFO] (FabricLoader/Mixin) Compatibility level set to JAVA_16
[12:59:47] [main/INFO] (FabricLoader/Mixin) Compatibility level set to JAVA_17
[12:59:50] [main/WARN] (PerfmonDisabled) Invalid registry value type detected for PerfOS counters. Should be REG_DWORD. Ignoring: HKEY_LOCAL_MACHINE\SYSTEM\CurrentControlSet\Services\PerfOS\Performance\Disable Performance Counters.
[12:59:55] [Datafixer Bootstrap/INFO] (Minecraft) 188 Datafixer optimizations took 252 milliseconds
[12:59:58] [Render thread/INFO] (Minecraft) Environment: authHost='https://authserver.mojang.com', accountsHost='https://api.mojang.com', sessionHost='https://sessionserver.mojang.com', servicesHost='https://api.minecraftservices.com', name='PROD'
[12:59:58] [Render thread/ERROR] (Minecraft) Failed to verify authentication
com.mojang.authlib.exceptions.InvalidCredentialsException: Status: 401
	at com.mojang.authlib.exceptions.MinecraftClientHttpException.toAuthenticationException(MinecraftClientHttpException.java:56) ~[authlib-4.0.43.jar:?]
	at com.mojang.authlib.yggdrasil.YggdrasilUserApiService.fetchProperties(YggdrasilUserApiService.java:156) ~[authlib-4.0.43.jar:?]
	at com.mojang.authlib.yggdrasil.YggdrasilUserApiService.<init>(YggdrasilUserApiService.java:55) ~[authlib-4.0.43.jar:?]
	at com.mojang.authlib.yggdrasil.YggdrasilAuthenticationService.createUserApiService(YggdrasilAuthenticationService.java:124) ~[authlib-4.0.43.jar:?]
	at net.minecraft.client.Minecraft.createUserApiService(Minecraft.java:733) ~[minecraft-merged-project-@fabric-1.20-loom.mappings.1_20.layered+hash.2198-v2.jar:?]
	at net.minecraft.client.Minecraft.<init>(Minecraft.java:442) ~[minecraft-merged-project-@fabric-1.20-loom.mappings.1_20.layered+hash.2198-v2.jar:?]
	at net.minecraft.client.main.Main.main(Main.java:211) ~[minecraft-merged-project-@fabric-1.20-loom.mappings.1_20.layered+hash.2198-v2.jar:?]
	at net.fabricmc.loader.impl.game.minecraft.MinecraftGameProvider.launch(MinecraftGameProvider.java:468) ~[fabric-loader-0.14.21.jar:?]
	at net.fabricmc.loader.impl.launch.knot.Knot.launch(Knot.java:74) ~[fabric-loader-0.14.21.jar:?]
	at net.fabricmc.loader.impl.launch.knot.KnotClient.main(KnotClient.java:23) ~[fabric-loader-0.14.21.jar:?]
	at net.fabricmc.devlaunchinjector.Main.main(Main.java:86) ~[dev-launch-injector-0.2.1+build.8.jar:?]
Caused by: com.mojang.authlib.exceptions.MinecraftClientHttpException: Status: 401
	at com.mojang.authlib.minecraft.client.MinecraftClient.readInputStream(MinecraftClient.java:85) ~[authlib-4.0.43.jar:?]
	at com.mojang.authlib.minecraft.client.MinecraftClient.get(MinecraftClient.java:48) ~[authlib-4.0.43.jar:?]
	at com.mojang.authlib.yggdrasil.YggdrasilUserApiService.fetchProperties(YggdrasilUserApiService.java:129) ~[authlib-4.0.43.jar:?]
	... 9 more
[12:59:58] [Render thread/INFO] (Minecraft) Setting user: Player980
[12:59:58] [Render thread/ERROR] (Minecraft) No data fixer registered for obsidianboat:obsidianboat
[12:59:59] [Render thread/INFO] (Indigo) [Indigo] Registering Indigo renderer!
[12:59:59] [Render thread/INFO] (Minecraft) Backend library: LWJGL version 3.3.1 SNAPSHOT
[13:00:00] [Render thread/INFO] (Minecraft) Reloading ResourceManager: vanilla, fabric (fabric-models-v0, fabric-command-api-v2, fabric-screen-api-v1, fabric-block-api-v1, fabric-renderer-api-v1, fabric-entity-events-v1, fabric-networking-api-v1, fabric-resource-loader-v0, fabric-transfer-api-v1, fabric-events-interaction-v0, fabric-api-lookup-api-v1, fabric-message-api-v1, fabric-item-group-api-v1, fabric-transitive-access-wideners-v1, fabric-client-tags-api-v1, fabric-mining-level-api-v1, fabric-rendering-data-attachment-v1, fabric-api-base, fabric-content-registries-v0, fabric-recipe-api-v1, fabric-lifecycle-events-v1, fabric-game-rule-api-v1, fabric-rendering-v1, fabric-object-builder-api-v1, fabricloader, fabric-blockrenderlayer-v1, fabric-convention-tags-v1, fabric-gametest-api-v1, fabric-sound-api-v1, fabric-screen-handler-api-v1, fabric-item-api-v1, fabric-data-generation-api-v1, fabric-biome-api-v1, fabric-loot-api-v2, fabric-crash-report-info-v1, fabric-api, fabric-registry-sync-v0, fabric-dimensions-v1, obsidianboat, fabric-particles-v1, fabric-resource-conditions-api-v1, trenzalore, fabric-renderer-indigo, fabric-rendering-fluids-v1, fabric-key-binding-api-v1)
[13:00:00] [Worker-Main-8/INFO] (Minecraft) Found unifont_all_no_pua-15.0.06.hex, loading
[13:00:01] [Realms Notification Availability checker #1/INFO] (Minecraft) Could not authorize you against Realms server: Invalid session id
[13:00:02] [Render thread/WARN] (Minecraft) Missing sound for event: minecraft:item.goat_horn.play
[13:00:02] [Render thread/WARN] (Minecraft) Missing sound for event: minecraft:entity.goat.screaming.horn_break
[13:00:02] [Render thread/INFO] (Minecraft) OpenAL initialized on device OpenAL Soft on Headphones (Travis Airpods)
[13:00:02] [Render thread/INFO] (Minecraft) Sound engine started
[13:00:03] [Render thread/INFO] (Minecraft) Created: 1024x512x4 minecraft:textures/atlas/blocks.png-atlas
[13:00:03] [Render thread/INFO] (Minecraft) Created: 256x256x4 minecraft:textures/atlas/signs.png-atlas
[13:00:03] [Render thread/INFO] (Minecraft) Created: 512x512x4 minecraft:textures/atlas/shield_patterns.png-atlas
[13:00:03] [Render thread/INFO] (Minecraft) Created: 512x512x4 minecraft:textures/atlas/banner_patterns.png-atlas
[13:00:03] [Render thread/INFO] (Minecraft) Created: 1024x1024x4 minecraft:textures/atlas/armor_trims.png-atlas
[13:00:03] [Render thread/INFO] (Minecraft) Created: 128x64x4 minecraft:textures/atlas/decorated_pot.png-atlas
[13:00:03] [Render thread/INFO] (Minecraft) Created: 256x256x4 minecraft:textures/atlas/chest.png-atlas
[13:00:03] [Render thread/INFO] (Minecraft) Created: 512x256x4 minecraft:textures/atlas/shulker_boxes.png-atlas
[13:00:03] [Render thread/INFO] (Minecraft) Created: 512x256x4 minecraft:textures/atlas/beds.png-atlas
[13:00:03] [Render thread/WARN] (Minecraft) Shader rendertype_entity_translucent_emissive could not find sampler named Sampler2 in the specified shader program.
[13:00:03] [Render thread/INFO] (Minecraft) Created: 256x256x0 minecraft:textures/atlas/particles.png-atlas
[13:00:03] [Render thread/INFO] (Minecraft) Created: 256x256x0 minecraft:textures/atlas/paintings.png-atlas
[13:00:03] [Render thread/INFO] (Minecraft) Created: 128x128x0 minecraft:textures/atlas/mob_effects.png-atlas
[13:00:15] [Render thread/INFO] (Minecraft) Loaded 7 recipes
[13:00:15] [Render thread/INFO] (Minecraft) Loaded 1272 advancements
[13:00:16] [Render thread/INFO] (BiomeModificationImpl) Applied 0 biome modifications to 0 of 64 new biomes in 1.915 ms
[13:00:16] [Server thread/INFO] (Minecraft) Starting integrated minecraft server version 1.20
[13:00:16] [Server thread/INFO] (Minecraft) Generating keypair
[13:00:17] [Server thread/INFO] (Minecraft) Preparing start region for dimension minecraft:overworld
[13:00:20] [Render thread/INFO] (Minecraft) Preparing spawn area: 0%
[13:00:20] [Render thread/INFO] (Minecraft) Preparing spawn area: 0%
[13:00:20] [Render thread/INFO] (Minecraft) Preparing spawn area: 0%
[13:00:20] [Render thread/INFO] (Minecraft) Preparing spawn area: 0%
[13:00:20] [Render thread/INFO] (Minecraft) Preparing spawn area: 0%
[13:00:20] [Render thread/INFO] (Minecraft) Preparing spawn area: 0%
[13:00:20] [Render thread/INFO] (Minecraft) Preparing spawn area: 0%
[13:00:20] [Render thread/INFO] (Minecraft) Preparing spawn area: 43%
[13:00:21] [Render thread/INFO] (Minecraft) Time elapsed: 3898 ms
[13:00:21] [Server thread/INFO] (Minecraft) Changing view distance to 5, from 10
[13:00:21] [Server thread/INFO] (Minecraft) Changing simulation distance to 12, from 0
[13:00:22] [Server thread/INFO] (Minecraft) Player980[local:E:6e4d27e1] logged in with entity id 157 at (-20.69999998807907, 66.0, 0.37314135598434417)
[13:00:23] [Server thread/INFO] (Minecraft) Player980 joined the game
[13:00:23] [Render thread/INFO] (Minecraft) Loaded 2 advancements
[13:00:35] [Server thread/INFO] (Minecraft) [Player980: Changed the block at -21, 72, 0]
[13:00:35] [Render thread/INFO] (Minecraft) [System] [CHAT] Changed the block at -21, 72, 0
[13:00:37] [Server thread/INFO] (Minecraft) Player980 has made the advancement [We Need to Go Deeper]
[13:00:37] [Render thread/INFO] (Minecraft) [System] [CHAT] Player980 has made the advancement [We Need to Go Deeper]
[13:00:37] [Server thread/WARN] (Minecraft) Can't keep up! Is the server overloaded? Running 2176ms or 43 ticks behind
[13:00:37] [Render thread/INFO] (Minecraft) Loaded 30 advancements
[13:00:37] [Render thread/INFO] (Minecraft) Loaded 30 advancements
[13:00:42] [Server thread/INFO] (Minecraft) [Player980: Set own game mode to Spectator Mode]
[13:00:42] [Render thread/INFO] (Minecraft) [System] [CHAT] Set own game mode to Spectator Mode
[13:00:43] [Render thread/WARN] (Minecraft) Received passengers for unknown entity
[13:00:44] [Render thread/WARN] (Minecraft) Received passengers for unknown entity
[13:00:46] [Render thread/WARN] (Minecraft) Received passengers for unknown entity
[13:00:46] [Server thread/INFO] (Minecraft) [Player980: Set own game mode to Creative Mode]
[13:00:46] [Render thread/INFO] (Minecraft) [System] [CHAT] Set own game mode to Creative Mode
[13:00:50] [Server thread/INFO] (Minecraft) [Player980: Set own game mode to Survival Mode]
[13:00:50] [Render thread/INFO] (Minecraft) [System] [CHAT] Set own game mode to Survival Mode
[13:00:54] [Render thread/WARN] (Minecraft) Received passengers for unknown entity
[13:00:58] [Render thread/WARN] (Minecraft) Received passengers for unknown entity
[13:01:13] [Render thread/WARN] (Minecraft) Received passengers for unknown entity
[13:01:47] [Server thread/INFO] (Minecraft) Saving and pausing game...
[13:01:47] [Server thread/INFO] (Minecraft) Saving chunks for level 'ServerLevel[New World]'/minecraft:overworld
[13:01:47] [Server thread/INFO] (Minecraft) Saving chunks for level 'ServerLevel[New World]'/minecraft:the_end
[13:01:47] [Server thread/INFO] (Minecraft) Saving chunks for level 'ServerLevel[New World]'/minecraft:the_nether
[13:01:48] [Server thread/INFO] (Minecraft) Player980 lost connection: Disconnected
[13:01:48] [Server thread/INFO] (Minecraft) Player980 left the game
[13:01:48] [Server thread/INFO] (Minecraft) Stopping singleplayer server as player logged out
[13:01:48] [Server thread/INFO] (Minecraft) Stopping server
[13:01:48] [Server thread/INFO] (Minecraft) Saving players
[13:01:48] [Server thread/INFO] (Minecraft) Saving worlds
[13:01:49] [Server thread/INFO] (Minecraft) Saving chunks for level 'ServerLevel[New World]'/minecraft:overworld
[13:01:49] [Server thread/INFO] (Minecraft) Saving chunks for level 'ServerLevel[New World]'/minecraft:the_end
[13:01:49] [Server thread/INFO] (Minecraft) Saving chunks for level 'ServerLevel[New World]'/minecraft:the_nether
[13:01:49] [Server thread/INFO] (Minecraft) ThreadedAnvilChunkStorage (New World): All chunks are saved
[13:01:49] [Server thread/INFO] (Minecraft) ThreadedAnvilChunkStorage (DIM1): All chunks are saved
[13:01:49] [Server thread/INFO] (Minecraft) ThreadedAnvilChunkStorage (DIM-1): All chunks are saved
[13:01:49] [Server thread/INFO] (Minecraft) ThreadedAnvilChunkStorage: All dimensions are saved
[13:01:53] [Render thread/INFO] (Minecraft) Stopping!
